<?xml version="1.0" encoding="UTF-8"?>
<!-- Generated by org.testng.reporters.JUnitXMLReporter -->
<testsuite hostname="TRBIR0RI3KICQSJ" name="login" tests="2" failures="1" timestamp="11 May 2017 06:43:07 GMT" time="35.628" errors="0">
  <testcase name="testLogin" time="29.234" classname="top.cases.Login_Test">
    <failure type="java.lang.AssertionError" message="expected [true] but found [false]">
      <![CDATA[java.lang.AssertionError: expected [true] but found [false]
	at top.cases.Login_Test.testLogin(Login_Test.java:49)
... Removed 31 stack frames]]>
    </failure>
  </testcase> <!-- testLogin -->
  <testcase name="testSetting" time="5.536" classname="top.cases.ProfileSetting_Test"/>
</testsuite> <!-- login -->
