<?xml version="1.0" encoding="UTF-8"?>
<testsuite name="TestSuite" time="35.61" tests="2" errors="0" skipped="0" failures="1">
  <properties>
[...]
</properties>
  <testcase name="testLogin" classname="top.cases.Login_Test" time="30.08">
    <failure message="expected [true] but found [false]" type="java.lang.AssertionError">java.lang.AssertionError: expected [true] but found [false]
	at org.testng.Assert.fail(Assert.java:94)
	at org.testng.Assert.failNotEquals(Assert.java:496)
	at org.testng.Assert.assertTrue(Assert.java:42)
	at org.testng.Assert.assertTrue(Assert.java:52)
	at top.cases.Login_Test.testLogin(Login_Test.java:49)
</failure>
    <system-out><![CDATA[========== 正在准备测试环境，请稍后 ==========
05-1114:42:29[org.springframework.context.annotation.AnnotationConfigApplicationContext-581][main][0   ] - Refreshing org.springframework.context.annotation.AnnotationConfigApplicationContext@63376bed: startup date [Thu May 11 14:42:29 CST 2017]; root of context hierarchy
  05-1114:42:30[org.springframework.beans.factory.annotation.AutowiredAnnotationBeanPostProcessor-155][main][189 ] - JSR-330 'javax.inject.Inject' annotation found and supported for autowiring
  ========== 环境准备完毕，测试即将开始 ==========
05-1114:42:31[top.base.listener.TestNGListener-25][main][1736] - testLogin Start
  05-1114:42:31[top.base.utils.Locator-27][main][1856] - .activity.main.NativeVideoActivity,第0次等待，Not Found!
  05-1114:42:32[top.base.utils.Locator-27][main][2949] - .activity.main.NativeVideoActivity,第1次等待，Not Found!
  05-1114:42:33[top.base.utils.Locator-27][main][4036] - .activity.main.NativeVideoActivity,第2次等待，Not Found!
  05-1114:42:34[top.base.utils.Locator-27][main][5123] - .activity.main.NativeVideoActivity,第3次等待，Not Found!
  05-1114:42:36[top.base.utils.Locator-23][main][6230] - .activity.main.NativeVideoActivity Found!
  05-1114:42:37[top.base.utils.Locator-54][main][7141] - com.tude.android:id/btn_jump,控件 found！
  【准备点击】:id: com.tude.android:id/btn_jump
【开始点击】:id: com.tude.android:id/btn_jump
05-1114:42:39[top.base.utils.Locator-54][main][9180] - com.tude.android:id/btn_profile,控件 found！
  【准备点击】:id: com.tude.android:id/btn_profile
【开始点击】:id: com.tude.android:id/btn_profile
05-1114:42:39[top.base.utils.Locator-23][main][10056] - com.tude.android.activity.member.LoginActivity Found!
  05-1114:42:40[top.base.utils.Locator-54][main][11032] - com.tude.android:id/tv_account,控件 found！
  【准备点击】:id: com.tude.android:id/tv_account
【开始点击】:id: com.tude.android:id/tv_account
【准备改变】:id: com.tude.android:id/et_account的数值
【控件】id: com.tude.android:id/et_account的数值已改变
【准备改变】:id: com.tude.android:id/et_password的数值
【控件】id: com.tude.android:id/et_password的数值已改变
【准备点击】:id: com.tude.android:id/btn_login
【开始点击】:id: com.tude.android:id/btn_login
05-1114:42:55[top.base.utils.Locator-23][main][25415] - com.tude.android.activity.member.LoginActivity Found!
  05-1114:42:55[top.base.utils.Locator-27][main][25520] - com.tude.android.activity.main.HomeActivity,第0次等待，Not Found!
  05-1114:42:56[top.base.utils.Locator-27][main][26632] - com.tude.android.activity.main.HomeActivity,第1次等待，Not Found!
  05-1114:42:57[top.base.utils.Locator-27][main][27723] - com.tude.android.activity.main.HomeActivity,第2次等待，Not Found!
  05-1114:42:58[top.base.utils.Locator-27][main][28851] - com.tude.android.activity.main.HomeActivity,第3次等待，Not Found!
  05-1114:42:59[top.base.utils.Locator-27][main][29966] - com.tude.android.activity.main.HomeActivity,第4次等待，Not Found!
  05-1114:43:00[top.base.listener.TestNGListener-31][main][30969] - testLogin Failure
  <img src=D:\workSpace\EclipseProjects\AppiumForEclipse\screenshots\testLogin_20170511_144300.jpg width='360px' height='640px' /img>
]]></system-out>
  </testcase>
  <testcase name="testSetting" classname="top.cases.ProfileSetting_Test" time="5.53"/>
</testsuite>