<?xml version="1.0" encoding="UTF-8"?>
<testng-results skipped="0" failed="0" total="1" passed="1">
  <reporter-output>
  </reporter-output>
  <suite name="PlaySuite" duration-ms="30731" started-at="2017-05-08T08:11:39Z" finished-at="2017-05-08T08:12:10Z">
    <groups>
    </groups>
    <test name="Case_login" duration-ms="30731" started-at="2017-05-08T08:11:39Z" finished-at="2017-05-08T08:12:10Z">
      <class name="top.cases.Login_Test">
        <test-method status="PASS" signature="beforeClass()[pri:0, instance:top.cases.Login_Test@ec0c838]" name="beforeClass" is-config="true" duration-ms="0" started-at="2017-05-08T16:11:39Z" finished-at="2017-05-08T16:11:39Z">
          <reporter-output>
          </reporter-output>
        </test-method> <!-- beforeClass -->
        <test-method status="PASS" signature="testLogin()[pri:0, instance:top.cases.Login_Test@ec0c838]" name="testLogin" duration-ms="29107" started-at="2017-05-08T16:11:39Z" finished-at="2017-05-08T16:12:08Z">
          <reporter-output>
          </reporter-output>
        </test-method> <!-- testLogin -->
        <test-method status="PASS" signature="afterClass()[pri:0, instance:top.cases.Login_Test@ec0c838]" name="afterClass" is-config="true" duration-ms="1592" started-at="2017-05-08T16:12:08Z" finished-at="2017-05-08T16:12:10Z">
          <reporter-output>
          </reporter-output>
        </test-method> <!-- afterClass -->
      </class> <!-- top.cases.Login_Test -->
    </test> <!-- Case_login -->
  </suite> <!-- PlaySuite -->
</testng-results>
